Determining if the pthread_create exist failed with the following output:
Change Dir: /home/gfr/simulation_ws/build/CMakeFiles/CMakeTmp

Run Build Command:"/usr/bin/make" "cmTC_9a752/fast"
/usr/bin/make -f CMakeFiles/cmTC_9a752.dir/build.make CMakeFiles/cmTC_9a752.dir/build
make[1]: Entering directory '/home/gfr/simulation_ws/build/CMakeFiles/CMakeTmp'
Building C object CMakeFiles/cmTC_9a752.dir/CheckSymbolExists.c.o
/usr/bin/cc    -o CMakeFiles/cmTC_9a752.dir/CheckSymbolExists.c.o   -c /home/gfr/simulation_ws/build/CMakeFiles/CMakeTmp/CheckSymbolExists.c
Linking C executable cmTC_9a752
/usr/bin/cmake -E cmake_link_script CMakeFiles/cmTC_9a752.dir/link.txt --verbose=1
/usr/bin/cc      -rdynamic CMakeFiles/cmTC_9a752.dir/CheckSymbolExists.c.o  -o cmTC_9a752 
CMakeFiles/cmTC_9a752.dir/CheckSymbolExists.c.o: In function `main':
CheckSymbolExists.c:(.text+0x14): undefined reference to `pthread_create'
CheckSymbolExists.c:(.text+0x18): undefined reference to `pthread_create'
collect2: error: ld returned 1 exit status
CMakeFiles/cmTC_9a752.dir/build.make:97: recipe for target 'cmTC_9a752' failed
make[1]: *** [cmTC_9a752] Error 1
make[1]: Leaving directory '/home/gfr/simulation_ws/build/CMakeFiles/CMakeTmp'
Makefile:126: recipe for target 'cmTC_9a752/fast' failed
make: *** [cmTC_9a752/fast] Error 2

File /home/gfr/simulation_ws/build/CMakeFiles/CMakeTmp/CheckSymbolExists.c:
/* */
#include <pthread.h>

int main(int argc, char** argv)
{
  (void)argv;
#ifndef pthread_create
  return ((int*)(&pthread_create))[argc];
#else
  (void)argc;
  return 0;
#endif
}

Determining if the function pthread_create exists in the pthreads failed with the following output:
Change Dir: /home/gfr/simulation_ws/build/CMakeFiles/CMakeTmp

Run Build Command:"/usr/bin/make" "cmTC_ae676/fast"
/usr/bin/make -f CMakeFiles/cmTC_ae676.dir/build.make CMakeFiles/cmTC_ae676.dir/build
make[1]: Entering directory '/home/gfr/simulation_ws/build/CMakeFiles/CMakeTmp'
Building C object CMakeFiles/cmTC_ae676.dir/CheckFunctionExists.c.o
/usr/bin/cc   -DCHECK_FUNCTION_EXISTS=pthread_create   -o CMakeFiles/cmTC_ae676.dir/CheckFunctionExists.c.o   -c /usr/share/cmake-3.10/Modules/CheckFunctionExists.c
Linking C executable cmTC_ae676
/usr/bin/cmake -E cmake_link_script CMakeFiles/cmTC_ae676.dir/link.txt --verbose=1
/usr/bin/cc  -DCHECK_FUNCTION_EXISTS=pthread_create    -rdynamic CMakeFiles/cmTC_ae676.dir/CheckFunctionExists.c.o  -o cmTC_ae676 -lpthreads 
/usr/bin/ld: cannot find -lpthreads
collect2: error: ld returned 1 exit status
CMakeFiles/cmTC_ae676.dir/build.make:97: recipe for target 'cmTC_ae676' failed
make[1]: *** [cmTC_ae676] Error 1
make[1]: Leaving directory '/home/gfr/simulation_ws/build/CMakeFiles/CMakeTmp'
Makefile:126: recipe for target 'cmTC_ae676/fast' failed
make: *** [cmTC_ae676/fast] Error 2


